<?xml version="1.0" encoding="utf-8"?><testsuites name="pytest tests"><testsuite name="pytest" errors="0" failures="0" skipped="0" tests="11" time="1.115" timestamp="2026-07-04T13:54:16.970807+00:00" hostname="agent-env-67b15727-aadf-4c64-86ca-fea580742ab3"><testcase classname="backend.tests.test_admin_dashboard.TestAdminStats" name="test_stats_shape" time="0.265" /><testcase classname="backend.tests.test_admin_dashboard.TestAdminUsers" name="test_all_users" time="0.101" /><testcase classname="backend.tests.test_admin_dashboard.TestAdminUsers" name="test_filter_trial" time="0.069" /><testcase classname="backend.tests.test_admin_dashboard.TestAdminUsers" name="test_filter_basic" time="0.057" /><testcase classname="backend.tests.test_admin_dashboard.TestAdminUsers" name="test_filter_advanced" time="0.057" /><testcase classname="backend.tests.test_admin_dashboard.TestAdminUsers" name="test_filter_cancelled" time="0.046" /><testcase classname="backend.tests.test_admin_dashboard.TestAdminUsers" name="test_filter_no_plan" time="0.045" /><testcase classname="backend.tests.test_admin_dashboard.TestGrantLifetime" name="test_grant_lifetime_not_found" time="0.044" /><testcase classname="backend.tests.test_admin_dashboard.TestGrantLifetime" name="test_grant_lifetime_success_then_verify" time="0.089" /><testcase classname="backend.tests.test_admin_dashboard.TestPWAIcons" name="test_icon_192" time="0.143" /><testcase classname="backend.tests.test_admin_dashboard.TestPWAIcons" name="test_icon_512" time="0.133" /></testsuite></testsuites>