<?xml version="1.0" encoding="utf-8"?><testsuites name="pytest tests"><testsuite name="pytest" errors="0" failures="0" skipped="0" tests="7" time="1.144" timestamp="2026-08-27T01:11:25.950949+00:00" hostname="agent-env-67b15727-aadf-4c64-86ca-fea580742ab3"><testcase classname="tests.test_email_verification.TestVerifyEmail" name="test_invalid_token_returns_400" time="0.328" /><testcase classname="tests.test_email_verification.TestVerifyEmail" name="test_invalid_token_returns_json_not_html" time="0.096" /><testcase classname="tests.test_email_verification.TestVerifyEmail" name="test_missing_token_param" time="0.079" /><testcase classname="tests.test_email_verification.TestResendVerification" name="test_resend_known_user" time="0.304" /><testcase classname="tests.test_email_verification.TestResendVerification" name="test_resend_unknown_email_no_500" time="0.115" /><testcase classname="tests.test_email_verification.TestResendVerification" name="test_resend_missing_body" time="0.077" /><testcase classname="tests.test_email_verification.TestLoginStillWorks" name="test_login" time="0.090" /></testsuite></testsuites>