<?xml version="1.0" encoding="utf-8"?><testsuites name="pytest tests"><testsuite name="pytest" errors="0" failures="0" skipped="0" tests="9" time="0.971" timestamp="2026-07-06T20:08:22.907680+00:00" hostname="agent-env-67b15727-aadf-4c64-86ca-fea580742ab3"><testcase classname="backend.tests.test_grandfathered_subscription.TestGrandfatheredLogin" name="test_login_success" time="0.386" /><testcase classname="backend.tests.test_grandfathered_subscription.TestGrandfatheredLogin" name="test_login_has_subscription_true" time="0.001" /><testcase classname="backend.tests.test_grandfathered_subscription.TestGrandfatheredLogin" name="test_login_subscription_tier_grandfathered" time="0.001" /><testcase classname="backend.tests.test_grandfathered_subscription.TestGrandfatheredLogin" name="test_login_plan_type" time="0.001" /><testcase classname="backend.tests.test_grandfathered_subscription.TestGrandfatheredAuthCheck" name="test_auth_check_authenticated" time="0.055" /><testcase classname="backend.tests.test_grandfathered_subscription.TestGrandfatheredAuthCheck" name="test_auth_check_has_subscription_true" time="0.061" /><testcase classname="backend.tests.test_grandfathered_subscription.TestAccountSubscriptionEndpoint" name="test_account_subscription" time="0.166" /><testcase classname="backend.tests.test_grandfathered_subscription.TestUpgradeEndpointForGrandfathered" name="test_upgrade_rejects_grandfathered" time="0.054" /><testcase classname="backend.tests.test_grandfathered_subscription.TestUnauthenticated" name="test_auth_check_no_token" time="0.171" /></testsuite></testsuites>