<?xml version="1.0" encoding="utf-8"?><testsuites name="pytest tests"><testsuite name="pytest" errors="0" failures="0" skipped="19" tests="156" time="22.609" timestamp="2026-08-27T02:21:45.397172+00:00" hostname="agent-env-67b15727-aadf-4c64-86ca-fea580742ab3"><testcase classname="tests.test_account_first_flow.TestAuthRegister" name="test_register_success" time="0.176" /><testcase classname="tests.test_account_first_flow.TestAuthRegister" name="test_register_password_mismatch" time="0.175" /><testcase classname="tests.test_account_first_flow.TestAuthRegister" name="test_register_duplicate_email" time="0.304" /><testcase classname="tests.test_account_first_flow.TestAuthLogin" name="test_login_user_with_subscription" time="0.149" /><testcase classname="tests.test_account_first_flow.TestAuthLogin" name="test_login_user_without_subscription" time="0.163" /><testcase classname="tests.test_account_first_flow.TestAuthLogin" name="test_login_invalid_credentials" time="0.121" /><testcase classname="tests.test_account_first_flow.TestAuthCheck" name="test_auth_check_unauthenticated" time="0.178" /><testcase classname="tests.test_account_first_flow.TestAuthCheck" name="test_auth_check_with_valid_token" time="0.365" /><testcase classname="tests.test_account_first_flow.TestAccountSubscription" name="test_subscription_unauthenticated" time="0.147" /><testcase classname="tests.test_account_first_flow.TestAccountSubscription" name="test_subscription_authenticated" time="0.275" /><testcase classname="tests.test_account_first_flow.TestCancelSubscription" name="test_cancel_subscription_unauthenticated" time="0.124" /><testcase classname="tests.test_account_first_flow.TestStripeWebhook" name="test_webhook_unregistered_email_no_ghost" time="0.253" /><testcase classname="tests.test_account_first_flow.TestStripeWebhook" name="test_webhook_registered_email_updates_subscription" time="0.642" /><testcase classname="tests.test_account_first_flow.TestStripeWebhook" name="test_webhook_subscription_deleted" time="0.184" /><testcase classname="tests.test_account_first_flow.TestAdminEndpoints" name="test_admin_stats_returns_user_stats" time="0.363" /><testcase classname="tests.test_account_first_flow.TestAdminEndpoints" name="test_admin_users_returns_auth_users" time="0.274" /><testcase classname="tests.test_account_first_flow.TestAdminEndpoints" name="test_admin_login" time="0.152" /><testcase classname="tests.test_account_first_flow.TestAdminEndpoints" name="test_admin_login_wrong_password" time="0.248" /><testcase classname="tests.test_account_first_flow.TestPublicPages" name="test_api_endpoints_accessible" time="0.602" /><testcase classname="tests.test_admin_dashboard.TestAdminStats" name="test_stats_shape" time="0.210" /><testcase classname="tests.test_admin_dashboard.TestAdminUsers" name="test_all_users" time="0.082" /><testcase classname="tests.test_admin_dashboard.TestAdminUsers" name="test_filter_trial" time="0.079" /><testcase classname="tests.test_admin_dashboard.TestAdminUsers" name="test_filter_basic" time="0.082" /><testcase classname="tests.test_admin_dashboard.TestAdminUsers" name="test_filter_advanced" time="0.063" /><testcase classname="tests.test_admin_dashboard.TestAdminUsers" name="test_filter_cancelled" time="0.057" /><testcase classname="tests.test_admin_dashboard.TestAdminUsers" name="test_filter_no_plan" time="0.070" /><testcase classname="tests.test_admin_dashboard.TestGrantLifetime" name="test_grant_lifetime_not_found" time="0.072" /><testcase classname="tests.test_admin_dashboard.TestGrantLifetime" name="test_grant_lifetime_success_then_verify" time="0.134" /><testcase classname="tests.test_admin_dashboard.TestPWAIcons" name="test_icon_192" time="0.211" /><testcase classname="tests.test_admin_dashboard.TestPWAIcons" name="test_icon_512" time="0.225" /><testcase classname="tests.test_auth_account.TestAuthRegister" name="test_register_success" time="0.131" /><testcase classname="tests.test_auth_account.TestAuthRegister" name="test_register_password_mismatch" time="0.215" /><testcase classname="tests.test_auth_account.TestAuthRegister" name="test_register_invalid_email" time="0.149" /><testcase classname="tests.test_auth_account.TestAuthRegister" name="test_register_short_password" time="0.252" /><testcase classname="tests.test_auth_account.TestAuthRegister" name="test_register_duplicate_email" time="0.147" /><testcase classname="tests.test_auth_account.TestAuthLogin" name="test_login_success" time="0.137" /><testcase classname="tests.test_auth_account.TestAuthLogin" name="test_login_invalid_password" time="0.174" /><testcase classname="tests.test_auth_account.TestAuthLogin" name="test_login_nonexistent_user" time="0.144" /><testcase classname="tests.test_auth_account.TestAuthCheck" name="test_check_unauthenticated" time="0.169" /><testcase classname="tests.test_auth_account.TestAuthCheck" name="test_check_with_valid_token" time="0.315" /><testcase classname="tests.test_auth_account.TestAuthCheck" name="test_check_with_invalid_token" time="0.120" /><testcase classname="tests.test_auth_account.TestAuthForgotPassword" name="test_forgot_password_existing_user" time="0.376" /><testcase classname="tests.test_auth_account.TestAuthForgotPassword" name="test_forgot_password_nonexistent_user" time="0.151" /><testcase classname="tests.test_auth_account.TestAuthResetPassword" name="test_reset_password_invalid_token" time="0.164" /><testcase classname="tests.test_auth_account.TestAuthResetPassword" name="test_reset_password_short_password" time="0.143" /><testcase classname="tests.test_auth_account.TestAccountSubscription" name="test_subscription_unauthenticated" time="0.166" /><testcase classname="tests.test_auth_account.TestAccountSubscription" name="test_subscription_authenticated" time="0.278" /><testcase classname="tests.test_auth_account.TestAccountCancelSubscription" name="test_cancel_subscription_unauthenticated" time="0.123" /><testcase classname="tests.test_auth_account.TestStripeWebhook" name="test_webhook_checkout_completed" time="0.230" /><testcase classname="tests.test_auth_account.TestStripeWebhook" name="test_webhook_subscription_deleted" time="0.144" /><testcase classname="tests.test_auth_account.TestPageLoading" name="test_home_page" time="0.135" /><testcase classname="tests.test_auth_account.TestPageLoading" name="test_about_page" time="0.185" /><testcase classname="tests.test_auth_account.TestPageLoading" name="test_login_page" time="0.160" /><testcase classname="tests.test_auth_account.TestPageLoading" name="test_signup_page" time="0.148" /><testcase classname="tests.test_auth_account.TestPageLoading" name="test_pricing_page" time="0.149" /><testcase classname="tests.test_auth_account.TestPageLoading" name="test_forgot_password_page" time="0.168" /><testcase classname="tests.test_cors_auth.TestCORSPreflight" name="test_cors_preflight_cyclecoach_net" time="0.002" /><testcase classname="tests.test_cors_auth.TestCORSPreflight" name="test_cors_preflight_www_cyclecoach_net" time="0.001" /><testcase classname="tests.test_cors_auth.TestCORSPreflight" name="test_cors_preflight_disallowed_origin" time="0.001" /><testcase classname="tests.test_cors_auth.TestCORSPreflight" name="test_cors_normal_get_from_allowed_origin" time="0.001" /><testcase classname="tests.test_cors_auth.TestAuthRegister" name="test_register_new_user" time="0.152" /><testcase classname="tests.test_cors_auth.TestAuthRegister" name="test_register_duplicate_email_fails" time="0.197" /><testcase classname="tests.test_cors_auth.TestAuthRegister" name="test_register_password_mismatch_fails" time="0.169" /><testcase classname="tests.test_cors_auth.TestAuthLogin" name="test_login_success" time="0.125" /><testcase classname="tests.test_cors_auth.TestAuthLogin" name="test_login_invalid_password_fails" time="0.129" /><testcase classname="tests.test_cors_auth.TestAuthLogin" name="test_login_nonexistent_user_fails" time="0.127" /><testcase classname="tests.test_cors_auth.TestAuthCheck" name="test_auth_check_with_bearer_token" time="0.288" /><testcase classname="tests.test_cors_auth.TestAuthCheck" name="test_auth_check_with_cookie" time="0.154" /><testcase classname="tests.test_cors_auth.TestAuthCheck" name="test_auth_check_no_token_returns_false" time="0.142" /><testcase classname="tests.test_cors_auth.TestAuthCheck" name="test_auth_check_invalid_token_returns_false" time="0.162" /><testcase classname="tests.test_cors_auth.TestAuthLogout" name="test_logout_clears_cookie_with_samesite_none" time="0.288" /><testcase classname="tests.test_cors_auth.TestAuthLogout" name="test_session_invalid_after_logout" time="0.612" /><testcase classname="tests.test_email_verification.TestVerifyEmail" name="test_invalid_token_returns_400" time="0.135" /><testcase classname="tests.test_email_verification.TestVerifyEmail" name="test_invalid_token_returns_json_not_html" time="0.068" /><testcase classname="tests.test_email_verification.TestVerifyEmail" name="test_missing_token_param" time="0.066" /><testcase classname="tests.test_email_verification.TestResendVerification" name="test_resend_known_user" time="0.322" /><testcase classname="tests.test_email_verification.TestResendVerification" name="test_resend_unknown_email_no_500" time="0.074" /><testcase classname="tests.test_email_verification.TestResendVerification" name="test_resend_missing_body" time="0.071" /><testcase classname="tests.test_email_verification.TestLoginStillWorks" name="test_login" time="0.068" /><testcase classname="tests.test_grandfathered_subscription.TestGrandfatheredLogin" name="test_login_success" time="0.131" /><testcase classname="tests.test_grandfathered_subscription.TestGrandfatheredLogin" name="test_login_has_subscription_true" time="0.000" /><testcase classname="tests.test_grandfathered_subscription.TestGrandfatheredLogin" name="test_login_subscription_tier_grandfathered" time="0.000" /><testcase classname="tests.test_grandfathered_subscription.TestGrandfatheredLogin" name="test_login_plan_type" time="0.000" /><testcase classname="tests.test_grandfathered_subscription.TestGrandfatheredAuthCheck" name="test_auth_check_authenticated" time="0.075" /><testcase classname="tests.test_grandfathered_subscription.TestGrandfatheredAuthCheck" name="test_auth_check_has_subscription_true" time="0.073" /><testcase classname="tests.test_grandfathered_subscription.TestAccountSubscriptionEndpoint" name="test_account_subscription" time="0.077" /><testcase classname="tests.test_grandfathered_subscription.TestUpgradeEndpointForGrandfathered" name="test_upgrade_rejects_grandfathered" time="0.067" /><testcase classname="tests.test_grandfathered_subscription.TestUnauthenticated" name="test_auth_check_no_token" time="0.130" /><testcase classname="tests.test_mobile_merge_regression_i22" name="test_health" time="0.170" /><testcase classname="tests.test_mobile_merge_regression_i22.TestAuth" name="test_login_grandfathered" time="0.186" /><testcase classname="tests.test_mobile_merge_regression_i22.TestAuth" name="test_login_bad_password" time="0.076" /><testcase classname="tests.test_mobile_merge_regression_i22.TestAuth" name="test_auth_check_with_token" time="0.155" /><testcase classname="tests.test_mobile_merge_regression_i22.TestAuth" name="test_auth_check_without_token" time="0.190" /><testcase classname="tests.test_mobile_merge_regression_i22.TestAuth" name="test_auth_check_invalid_token" time="0.142" /><testcase classname="tests.test_mobile_merge_regression_i22.TestAuth" name="test_account_subscription" time="0.100" /><testcase classname="tests.test_mobile_merge_regression_i22.TestVerifyEmail" name="test_invalid_token_rejected" time="0.076" /><testcase classname="tests.test_mobile_merge_regression_i22.TestVerifyEmail" name="test_missing_token" time="0.117" /><testcase classname="tests.test_mobile_merge_regression_i22.TestVerifyEmail" name="test_resend_for_verified_user" time="0.227" /><testcase classname="tests.test_mobile_merge_regression_i22.TestAdmin" name="test_stats_requires_auth" time="0.063" /><testcase classname="tests.test_mobile_merge_regression_i22.TestAdmin" name="test_stats_with_token" time="0.150" /><testcase classname="tests.test_mobile_merge_regression_i22.TestAdmin" name="test_users_requires_auth" time="0.076" /><testcase classname="tests.test_mobile_merge_regression_i22.TestAdmin" name="test_users_with_token" time="0.188" /><testcase classname="tests.test_mobile_merge_regression_i22.TestAdmin" name="test_grant_lifetime_requires_auth" time="0.085" /><testcase classname="tests.test_mobile_merge_regression_i22.TestAdmin" name="test_grant_lifetime_bad_admin_token" time="0.114" /><testcase classname="tests.test_mobile_merge_regression_i22.TestAdmin" name="test_archive_user_requires_auth" time="0.064" /><testcase classname="tests.test_mobile_merge_regression_i22.TestAdmin" name="test_admin_login_wrong_password" time="0.068" /><testcase classname="tests.test_mobile_merge_regression_i22.TestAdmin" name="test_admin_verify" time="0.080" /><testcase classname="tests.test_mobile_merge_regression_i22.TestStripe" name="test_create_checkout_requires_auth" time="0.207" /><testcase classname="tests.test_mobile_merge_regression_i22.TestStripe" name="test_invalid_plan_rejected" time="0.084" /><testcase classname="tests.test_mobile_merge_regression_i22.TestStripe" name="test_create_checkout" time="0.695" /><testcase classname="tests.test_mobile_merge_regression_i22.TestStripe" name="test_upgrade_returns_use_checkout" time="0.135" /><testcase classname="tests.test_mobile_merge_regression_i22.TestStripe" name="test_subscription_sync" time="0.079" /><testcase classname="tests.test_mobile_merge_regression_i22.TestMobileConfig" name="test_capacitor_server_url" time="0.000" /><testcase classname="tests.test_mobile_merge_regression_i22.TestMobileConfig" name="test_android_cookiemanager" time="0.000" /><testcase classname="tests.test_mobile_merge_regression_i22.TestMobileConfig" name="test_android_permissions" time="0.000" /><testcase classname="tests.test_mobile_merge_regression_i22.TestMobileConfig" name="test_android_icons" time="0.000" /><testcase classname="tests.test_mobile_merge_regression_i22.TestMobileConfig" name="test_ios_url_scheme_and_bundle" time="0.001" /><testcase classname="tests.test_subscription_bugs_v12" name="test_login_returns_user_and_tier" time="0.342" /><testcase classname="tests.test_subscription_bugs_v12" name="test_account_subscription_returns_tier_fields" time="0.180" /><testcase classname="tests.test_subscription_bugs_v12" name="test_upgrade_no_subscription_returns_use_checkout" time="0.260" /><testcase classname="tests.test_subscription_bugs_v12" name="test_cancel_no_subscription_returns_400" time="0.127" /><testcase classname="tests.test_subscription_bugs_v12" name="test_auth_check_grandfathered" time="0.176" /><testcase classname="tests.test_subscription_bugs_v12" name="test_unauth_upgrade_returns_401" time="0.154" /><testcase classname="tests.test_subscription_bugs_v12" name="test_unauth_cancel_returns_401" time="0.129" /><testcase classname="tests.test_subscription_sync.TestSubscriptionSync" name="test_sync_returns_401_without_auth" time="0.143" /><testcase classname="tests.test_subscription_sync.TestSubscriptionSync" name="test_sync_with_auth_token" time="0.160" /><testcase classname="tests.test_subscription_sync.TestAuthCheckSubscription" name="test_auth_check_returns_subscription_status" time="0.096" /><testcase classname="tests.test_subscription_sync.TestAuthCheckSubscription" name="test_auth_check_without_token" time="0.182" /><testcase classname="tests.test_subscription_sync.TestWebhookReachable" name="test_webhook_endpoint_exists" time="0.070" /><testcase classname="tests.test_subscription_sync.TestWebhookReachable" name="test_webhook_handles_invalid_json" time="0.063" /><testcase classname="tests.test_subscription_sync.TestUserWithoutSubscription" name="test_register_new_user_no_subscription" time="0.293" /><testcase classname="tests.test_subscription_sync.TestSyncForUserWithoutStripeSubscription" name="test_sync_returns_already_entitled_for_db_status" time="0.819" /><testcase classname="tests.test_subscription_tiers.TestSubscriptionTiers" name="test_get_subscription_tiers_returns_three_tiers" time="0.000"><skipped type="pytest.skip" message="Legacy license-key endpoints removed; suite obsolete">/app/backend/tests/test_subscription_tiers.py:22: Legacy license-key endpoints removed; suite obsolete</skipped></testcase><testcase classname="tests.test_subscription_tiers.TestSubscriptionTiers" name="test_free_trial_tier_pricing" time="0.000"><skipped type="pytest.skip" message="Legacy license-key endpoints removed; suite obsolete">/app/backend/tests/test_subscription_tiers.py:39: Legacy license-key endpoints removed; suite obsolete</skipped></testcase><testcase classname="tests.test_subscription_tiers.TestSubscriptionTiers" name="test_basic_tier_pricing" time="0.000"><skipped type="pytest.skip" message="Legacy license-key endpoints removed; suite obsolete">/app/backend/tests/test_subscription_tiers.py:52: Legacy license-key endpoints removed; suite obsolete</skipped></testcase><testcase classname="tests.test_subscription_tiers.TestSubscriptionTiers" name="test_premium_tier_pricing" time="0.000"><skipped type="pytest.skip" message="Legacy license-key endpoints removed; suite obsolete">/app/backend/tests/test_subscription_tiers.py:64: Legacy license-key endpoints removed; suite obsolete</skipped></testcase><testcase classname="tests.test_subscription_tiers.TestFreeTrialAutoApproval" name="test_free_trial_auto_approves_new_user" time="0.000"><skipped type="pytest.skip" message="Legacy license-key endpoints removed; suite obsolete">/app/backend/tests/test_subscription_tiers.py:81: Legacy license-key endpoints removed; suite obsolete</skipped></testcase><testcase classname="tests.test_subscription_tiers.TestFreeTrialAutoApproval" name="test_free_trial_duplicate_email_returns_already_licensed" time="0.000"><skipped type="pytest.skip" message="Legacy license-key endpoints removed; suite obsolete">/app/backend/tests/test_subscription_tiers.py:101: Legacy license-key endpoints removed; suite obsolete</skipped></testcase><testcase classname="tests.test_subscription_tiers.TestFreeTrialAutoApproval" name="test_free_trial_accepts_any_email_format" time="0.000"><skipped type="pytest.skip" message="Legacy license-key endpoints removed; suite obsolete">/app/backend/tests/test_subscription_tiers.py:122: Legacy license-key endpoints removed; suite obsolete</skipped></testcase><testcase classname="tests.test_subscription_tiers.TestLicenseValidation" name="test_validate_grandfathered_license_key" time="0.000"><skipped type="pytest.skip" message="Legacy license-key endpoints removed; suite obsolete">/app/backend/tests/test_subscription_tiers.py:137: Legacy license-key endpoints removed; suite obsolete</skipped></testcase><testcase classname="tests.test_subscription_tiers.TestLicenseValidation" name="test_validate_founder_special_key" time="0.000"><skipped type="pytest.skip" message="Legacy license-key endpoints removed; suite obsolete">/app/backend/tests/test_subscription_tiers.py:152: Legacy license-key endpoints removed; suite obsolete</skipped></testcase><testcase classname="tests.test_subscription_tiers.TestLicenseValidation" name="test_validate_free_trial_license_key" time="0.000"><skipped type="pytest.skip" message="Legacy license-key endpoints removed; suite obsolete">/app/backend/tests/test_subscription_tiers.py:167: Legacy license-key endpoints removed; suite obsolete</skipped></testcase><testcase classname="tests.test_subscription_tiers.TestLicenseValidation" name="test_validate_invalid_license_key" time="0.000"><skipped type="pytest.skip" message="Legacy license-key endpoints removed; suite obsolete">/app/backend/tests/test_subscription_tiers.py:192: Legacy license-key endpoints removed; suite obsolete</skipped></testcase><testcase classname="tests.test_subscription_tiers.TestLicenseValidation" name="test_validate_license_key_case_insensitive" time="0.000"><skipped type="pytest.skip" message="Legacy license-key endpoints removed; suite obsolete">/app/backend/tests/test_subscription_tiers.py:205: Legacy license-key endpoints removed; suite obsolete</skipped></testcase><testcase classname="tests.test_subscription_tiers.TestSubscriptionCheckout" name="test_create_basic_checkout_session" time="0.000"><skipped type="pytest.skip" message="Legacy license-key endpoints removed; suite obsolete">/app/backend/tests/test_subscription_tiers.py:224: Legacy license-key endpoints removed; suite obsolete</skipped></testcase><testcase classname="tests.test_subscription_tiers.TestSubscriptionCheckout" name="test_create_premium_checkout_session" time="0.000"><skipped type="pytest.skip" message="Legacy license-key endpoints removed; suite obsolete">/app/backend/tests/test_subscription_tiers.py:246: Legacy license-key endpoints removed; suite obsolete</skipped></testcase><testcase classname="tests.test_subscription_tiers.TestSubscriptionCheckout" name="test_create_checkout_invalid_tier" time="0.000"><skipped type="pytest.skip" message="Legacy license-key endpoints removed; suite obsolete">/app/backend/tests/test_subscription_tiers.py:267: Legacy license-key endpoints removed; suite obsolete</skipped></testcase><testcase classname="tests.test_subscription_tiers.TestLicenseResend" name="test_resend_license_for_existing_user" time="0.000"><skipped type="pytest.skip" message="Legacy license-key endpoints removed; suite obsolete">/app/backend/tests/test_subscription_tiers.py:285: Legacy license-key endpoints removed; suite obsolete</skipped></testcase><testcase classname="tests.test_subscription_tiers.TestLicenseResend" name="test_resend_license_for_nonexistent_user" time="0.000"><skipped type="pytest.skip" message="Legacy license-key endpoints removed; suite obsolete">/app/backend/tests/test_subscription_tiers.py:304: Legacy license-key endpoints removed; suite obsolete</skipped></testcase><testcase classname="tests.test_subscription_tiers.TestUpgradeFlow" name="test_upgrade_from_free_trial_to_premium" time="0.000"><skipped type="pytest.skip" message="Legacy license-key endpoints removed; suite obsolete">/app/backend/tests/test_subscription_tiers.py:321: Legacy license-key endpoints removed; suite obsolete</skipped></testcase><testcase classname="tests.test_subscription_tiers.TestUpgradeFlow" name="test_upgrade_invalid_license_key" time="0.000"><skipped type="pytest.skip" message="Legacy license-key endpoints removed; suite obsolete">/app/backend/tests/test_subscription_tiers.py:350: Legacy license-key endpoints removed; suite obsolete</skipped></testcase><testcase classname="tests.test_verify_email_idempotent" name="test_verify_first_call_success" time="0.311" /><testcase classname="tests.test_verify_email_idempotent" name="test_verify_second_call_idempotent" time="0.138" /><testcase classname="tests.test_verify_email_idempotent" name="test_verify_third_call_still_success" time="0.135" /><testcase classname="tests.test_verify_email_idempotent" name="test_verify_invalid_token" time="0.174" /><testcase classname="tests.test_verify_email_idempotent" name="test_resend_for_verified_user" time="0.169" /></testsuite></testsuites>