<?xml version="1.0" encoding="utf-8"?><testsuites name="pytest tests"><testsuite name="pytest" errors="0" failures="0" skipped="0" tests="29" time="6.259" timestamp="2026-08-27T02:17:57.735360+00:00" hostname="agent-env-67b15727-aadf-4c64-86ca-fea580742ab3"><testcase classname="tests.test_mobile_merge_regression_i22" name="test_health" time="2.844" /><testcase classname="tests.test_mobile_merge_regression_i22.TestAuth" name="test_login_grandfathered" time="0.069" /><testcase classname="tests.test_mobile_merge_regression_i22.TestAuth" name="test_login_bad_password" time="0.080" /><testcase classname="tests.test_mobile_merge_regression_i22.TestAuth" name="test_auth_check_with_token" time="0.187" /><testcase classname="tests.test_mobile_merge_regression_i22.TestAuth" name="test_auth_check_without_token" time="0.220" /><testcase classname="tests.test_mobile_merge_regression_i22.TestAuth" name="test_auth_check_invalid_token" time="0.207" /><testcase classname="tests.test_mobile_merge_regression_i22.TestAuth" name="test_account_subscription" time="0.080" /><testcase classname="tests.test_mobile_merge_regression_i22.TestVerifyEmail" name="test_invalid_token_rejected" time="0.099" /><testcase classname="tests.test_mobile_merge_regression_i22.TestVerifyEmail" name="test_missing_token" time="0.070" /><testcase classname="tests.test_mobile_merge_regression_i22.TestVerifyEmail" name="test_resend_for_verified_user" time="0.323" /><testcase classname="tests.test_mobile_merge_regression_i22.TestAdmin" name="test_stats_requires_auth" time="0.064" /><testcase classname="tests.test_mobile_merge_regression_i22.TestAdmin" name="test_stats_with_token" time="0.166" /><testcase classname="tests.test_mobile_merge_regression_i22.TestAdmin" name="test_users_requires_auth" time="0.057" /><testcase classname="tests.test_mobile_merge_regression_i22.TestAdmin" name="test_users_with_token" time="0.071" /><testcase classname="tests.test_mobile_merge_regression_i22.TestAdmin" name="test_grant_lifetime_requires_auth" time="0.076" /><testcase classname="tests.test_mobile_merge_regression_i22.TestAdmin" name="test_grant_lifetime_bad_admin_token" time="0.063" /><testcase classname="tests.test_mobile_merge_regression_i22.TestAdmin" name="test_archive_user_requires_auth" time="0.080" /><testcase classname="tests.test_mobile_merge_regression_i22.TestAdmin" name="test_admin_login_wrong_password" time="0.067" /><testcase classname="tests.test_mobile_merge_regression_i22.TestAdmin" name="test_admin_verify" time="0.096" /><testcase classname="tests.test_mobile_merge_regression_i22.TestStripe" name="test_create_checkout_requires_auth" time="0.206" /><testcase classname="tests.test_mobile_merge_regression_i22.TestStripe" name="test_invalid_plan_rejected" time="0.077" /><testcase classname="tests.test_mobile_merge_regression_i22.TestStripe" name="test_create_checkout" time="0.822" /><testcase classname="tests.test_mobile_merge_regression_i22.TestStripe" name="test_upgrade_returns_use_checkout" time="0.073" /><testcase classname="tests.test_mobile_merge_regression_i22.TestStripe" name="test_subscription_sync" time="0.071" /><testcase classname="tests.test_mobile_merge_regression_i22.TestMobileConfig" name="test_capacitor_server_url" time="0.000" /><testcase classname="tests.test_mobile_merge_regression_i22.TestMobileConfig" name="test_android_cookiemanager" time="0.000" /><testcase classname="tests.test_mobile_merge_regression_i22.TestMobileConfig" name="test_android_permissions" time="0.000" /><testcase classname="tests.test_mobile_merge_regression_i22.TestMobileConfig" name="test_android_icons" time="0.000" /><testcase classname="tests.test_mobile_merge_regression_i22.TestMobileConfig" name="test_ios_url_scheme_and_bundle" time="0.001" /></testsuite></testsuites>