<?xml version="1.0" encoding="utf-8"?><testsuites name="pytest tests"><testsuite name="pytest" errors="0" failures="3" skipped="0" tests="16" time="2.615" timestamp="2026-02-28T16:36:07.644303+00:00" hostname="agent-env-67b15727-aadf-4c64-86ca-fea580742ab3"><testcase classname="backend.tests.test_cors_auth.TestCORSPreflight" name="test_cors_preflight_cyclecoach_net" time="0.004" /><testcase classname="backend.tests.test_cors_auth.TestCORSPreflight" name="test_cors_preflight_www_cyclecoach_net" time="0.002" /><testcase classname="backend.tests.test_cors_auth.TestCORSPreflight" name="test_cors_preflight_disallowed_origin" time="0.001" /><testcase classname="backend.tests.test_cors_auth.TestCORSPreflight" name="test_cors_normal_get_from_allowed_origin" time="0.002" /><testcase classname="backend.tests.test_cors_auth.TestAuthRegister" name="test_register_new_user" time="0.309"><failure message="AssertionError: assert 'test_cors_531814d7@test.com' == 'TEST_cors_531814d7@test.com'&#10;  &#10;  - TEST_cors_531814d7@test.com&#10;  ? ^^^^&#10;  + test_cors_531814d7@test.com&#10;  ? ^^^^">backend/tests/test_cors_auth.py:101: in test_register_new_user
    assert data["user"]["email"] == unique_email
E   AssertionError: assert 'test_cors_531814d7@test.com' == 'TEST_cors_531814d7@test.com'
E     
E     - TEST_cors_531814d7@test.com
E     ? ^^^^
E     + test_cors_531814d7@test.com
E     ? ^^^^</failure></testcase><testcase classname="backend.tests.test_cors_auth.TestAuthRegister" name="test_register_duplicate_email_fails" time="0.125" /><testcase classname="backend.tests.test_cors_auth.TestAuthRegister" name="test_register_password_mismatch_fails" time="0.125" /><testcase classname="backend.tests.test_cors_auth.TestAuthLogin" name="test_login_success" time="0.132"><failure message="AssertionError: assert ('SameSite=none' in 'session_token=quf_f1jqg09pf2zhahb8ffho50i4xir_3qbnz6av1he; httponly; max-age=2592000; path=/; samesite=none; secure, __cf_bm=h8_2omvue4yf1ro1oqumtycem7d48i5owpud7i8va6e-1772296568-1.0.1.1-tuibopbybhnkrqsgoe9yu8.yynrokqipeiqgvfre31v6yx21ar_0_b0lcn_jerqlwxdbikemiusthr.a6qfghlkgntph9yxhx7f5rbwjpw0; path=/; expires=sat, 28-feb-26 17:06:08 gmt; domain=.preview.emergentagent.com; httponly; secure; samesite=none' or 'samesite=none' in 'session_token=QUf_F1JQG09PF2zHAhb8FFho50I4xiR_3qbNz6aV1hE; HttpOnly; Max-Age=2592000; Path=/; SameSite=none; Secure, __cf_bm=H8_2OmVue4yf1rO1OQuMtYCeM7d48i5oWPuD7i8va6E-1772296568-1.0.1.1-tUiBOpBybHnKrqsgOE9Yu8.YyNrokQIPeiQGVfRE31v6Yx21Ar_0_B0lCN_JErQlwXdBIKeMiUstHR.A6qfGHlkGNtph9YXhX7F5rBwJpw0; path=/; expires=Sat, 28-Feb-26 17:06:08 GMT; domain=.preview.emergentagent.com; HttpOnly; Secure; SameSite=None')&#10; +  where 'session_token=quf_f1jqg09pf2zhahb8ffho50i4xir_3qbnz6av1he; httponly; max-age=2592000; path=/; samesite=none; secure, __cf_bm=h8_2omvue4yf1ro1oqumtycem7d48i5owpud7i8va6e-1772296568-1.0.1.1-tuibopbybhnkrqsgoe9yu8.yynrokqipeiqgvfre31v6yx21ar_0_b0lcn_jerqlwxdbikemiusthr.a6qfghlkgntph9yxhx7f5rbwjpw0; path=/; expires=sat, 28-feb-26 17:06:08 gmt; domain=.preview.emergentagent.com; httponly; secure; samesite=none' = &lt;built-in method lower of str object at 0xfb0282afc030&gt;()&#10; +    where &lt;built-in method lower of str object at 0xfb0282afc030&gt; = 'session_token=QUf_F1JQG09PF2zHAhb8FFho50I4xiR_3qbNz6aV1hE; HttpOnly; Max-Age=2592000; Path=/; SameSite=none; Secure, __cf_bm=H8_2OmVue4yf1rO1OQuMtYCeM7d48i5oWPuD7i8va6E-1772296568-1.0.1.1-tUiBOpBybHnKrqsgOE9Yu8.YyNrokQIPeiQGVfRE31v6Yx21Ar_0_B0lCN_JErQlwXdBIKeMiUstHR.A6qfGHlkGNtph9YXhX7F5rBwJpw0; path=/; expires=Sat, 28-Feb-26 17:06:08 GMT; domain=.preview.emergentagent.com; HttpOnly; Secure; SameSite=None'.lower">backend/tests/test_cors_auth.py:161: in test_login_success
    assert "SameSite=none" in cookies.lower() or "samesite=none" in cookies
E   AssertionError: assert ('SameSite=none' in 'session_token=quf_f1jqg09pf2zhahb8ffho50i4xir_3qbnz6av1he; httponly; max-age=2592000; path=/; samesite=none; secure, __cf_bm=h8_2omvue4yf1ro1oqumtycem7d48i5owpud7i8va6e-1772296568-1.0.1.1-tuibopbybhnkrqsgoe9yu8.yynrokqipeiqgvfre31v6yx21ar_0_b0lcn_jerqlwxdbikemiusthr.a6qfghlkgntph9yxhx7f5rbwjpw0; path=/; expires=sat, 28-feb-26 17:06:08 gmt; domain=.preview.emergentagent.com; httponly; secure; samesite=none' or 'samesite=none' in 'session_token=QUf_F1JQG09PF2zHAhb8FFho50I4xiR_3qbNz6aV1hE; HttpOnly; Max-Age=2592000; Path=/; SameSite=none; Secure, __cf_bm=H8_2OmVue4yf1rO1OQuMtYCeM7d48i5oWPuD7i8va6E-1772296568-1.0.1.1-tUiBOpBybHnKrqsgOE9Yu8.YyNrokQIPeiQGVfRE31v6Yx21Ar_0_B0lCN_JErQlwXdBIKeMiUstHR.A6qfGHlkGNtph9YXhX7F5rBwJpw0; path=/; expires=Sat, 28-Feb-26 17:06:08 GMT; domain=.preview.emergentagent.com; HttpOnly; Secure; SameSite=None')
E    +  where 'session_token=quf_f1jqg09pf2zhahb8ffho50i4xir_3qbnz6av1he; httponly; max-age=2592000; path=/; samesite=none; secure, __cf_bm=h8_2omvue4yf1ro1oqumtycem7d48i5owpud7i8va6e-1772296568-1.0.1.1-tuibopbybhnkrqsgoe9yu8.yynrokqipeiqgvfre31v6yx21ar_0_b0lcn_jerqlwxdbikemiusthr.a6qfghlkgntph9yxhx7f5rbwjpw0; path=/; expires=sat, 28-feb-26 17:06:08 gmt; domain=.preview.emergentagent.com; httponly; secure; samesite=none' = &lt;built-in method lower of str object at 0xfb0282afc030&gt;()
E    +    where &lt;built-in method lower of str object at 0xfb0282afc030&gt; = 'session_token=QUf_F1JQG09PF2zHAhb8FFho50I4xiR_3qbNz6aV1hE; HttpOnly; Max-Age=2592000; Path=/; SameSite=none; Secure, __cf_bm=H8_2OmVue4yf1rO1OQuMtYCeM7d48i5oWPuD7i8va6E-1772296568-1.0.1.1-tUiBOpBybHnKrqsgOE9Yu8.YyNrokQIPeiQGVfRE31v6Yx21Ar_0_B0lCN_JErQlwXdBIKeMiUstHR.A6qfGHlkGNtph9YXhX7F5rBwJpw0; path=/; expires=Sat, 28-Feb-26 17:06:08 GMT; domain=.preview.emergentagent.com; HttpOnly; Secure; SameSite=None'.lower</failure></testcase><testcase classname="backend.tests.test_cors_auth.TestAuthLogin" name="test_login_invalid_password_fails" time="0.292" /><testcase classname="backend.tests.test_cors_auth.TestAuthLogin" name="test_login_nonexistent_user_fails" time="0.150" /><testcase classname="backend.tests.test_cors_auth.TestAuthCheck" name="test_auth_check_with_bearer_token" time="0.236" /><testcase classname="backend.tests.test_cors_auth.TestAuthCheck" name="test_auth_check_with_cookie" time="0.184" /><testcase classname="backend.tests.test_cors_auth.TestAuthCheck" name="test_auth_check_no_token_returns_false" time="0.113" /><testcase classname="backend.tests.test_cors_auth.TestAuthCheck" name="test_auth_check_invalid_token_returns_false" time="0.117" /><testcase classname="backend.tests.test_cors_auth.TestAuthLogout" name="test_logout_clears_cookie_with_samesite_none" time="0.244"><failure message="assert ('SameSite=none' in 'session_token=&quot;&quot;; expires=sat, 28 feb 2026 16:36:09 gmt; max-age=0; path=/; samesite=none; secure, __cf_bm=0xntiwpfkf.fldx76v0n5noshtgfkiruyruetrkhbva-1772296569-1.0.1.1-pqmaswe9wrnurqzqhj2vlyn1iowtzzu0nezwdgka8bes1f6.xfet.lg1apcjteynwygqydasnyhtwjzpf4cbcgzbm32yaqnfiequ0rqqlzy; path=/; expires=sat, 28-feb-26 17:06:09 gmt; domain=.preview.emergentagent.com; httponly; secure; samesite=none' or 'samesite=none' in 'session_token=&quot;&quot;; expires=Sat, 28 Feb 2026 16:36:09 GMT; Max-Age=0; Path=/; SameSite=none; Secure, __cf_bm=0xNTiwpfkF.fLdX76V0N5NosHtgfkIrUyRUetRKhBVA-1772296569-1.0.1.1-pQmasWe9WrNuRQzQHj2vLYn1Iowtzzu0nezwdGka8beS1F6.XfEt.lg1aPCjtEYNWygqyDaSNYHTwjzpF4cBCgzBM32yAqNFiEQU0rqqlzY; path=/; expires=Sat, 28-Feb-26 17:06:09 GMT; domain=.preview.emergentagent.com; HttpOnly; Secure; SameSite=None')&#10; +  where 'session_token=&quot;&quot;; expires=sat, 28 feb 2026 16:36:09 gmt; max-age=0; path=/; samesite=none; secure, __cf_bm=0xntiwpfkf.fldx76v0n5noshtgfkiruyruetrkhbva-1772296569-1.0.1.1-pqmaswe9wrnurqzqhj2vlyn1iowtzzu0nezwdgka8bes1f6.xfet.lg1apcjteynwygqydasnyhtwjzpf4cbcgzbm32yaqnfiequ0rqqlzy; path=/; expires=sat, 28-feb-26 17:06:09 gmt; domain=.preview.emergentagent.com; httponly; secure; samesite=none' = &lt;built-in method lower of str object at 0xfb0282ed0c70&gt;()&#10; +    where &lt;built-in method lower of str object at 0xfb0282ed0c70&gt; = 'session_token=&quot;&quot;; expires=Sat, 28 Feb 2026 16:36:09 GMT; Max-Age=0; Path=/; SameSite=none; Secure, __cf_bm=0xNTiwpfkF.fLdX76V0N5NosHtgfkIrUyRUetRKhBVA-1772296569-1.0.1.1-pQmasWe9WrNuRQzQHj2vLYn1Iowtzzu0nezwdGka8beS1F6.XfEt.lg1aPCjtEYNWygqyDaSNYHTwjzpF4cBCgzBM32yAqNFiEQU0rqqlzY; path=/; expires=Sat, 28-Feb-26 17:06:09 GMT; domain=.preview.emergentagent.com; HttpOnly; Secure; SameSite=None'.lower">backend/tests/test_cors_auth.py:270: in test_logout_clears_cookie_with_samesite_none
    assert "SameSite=none" in cookies.lower() or "samesite=none" in cookies
E   assert ('SameSite=none' in 'session_token=""; expires=sat, 28 feb 2026 16:36:09 gmt; max-age=0; path=/; samesite=none; secure, __cf_bm=0xntiwpfkf.fldx76v0n5noshtgfkiruyruetrkhbva-1772296569-1.0.1.1-pqmaswe9wrnurqzqhj2vlyn1iowtzzu0nezwdgka8bes1f6.xfet.lg1apcjteynwygqydasnyhtwjzpf4cbcgzbm32yaqnfiequ0rqqlzy; path=/; expires=sat, 28-feb-26 17:06:09 gmt; domain=.preview.emergentagent.com; httponly; secure; samesite=none' or 'samesite=none' in 'session_token=""; expires=Sat, 28 Feb 2026 16:36:09 GMT; Max-Age=0; Path=/; SameSite=none; Secure, __cf_bm=0xNTiwpfkF.fLdX76V0N5NosHtgfkIrUyRUetRKhBVA-1772296569-1.0.1.1-pQmasWe9WrNuRQzQHj2vLYn1Iowtzzu0nezwdGka8beS1F6.XfEt.lg1aPCjtEYNWygqyDaSNYHTwjzpF4cBCgzBM32yAqNFiEQU0rqqlzY; path=/; expires=Sat, 28-Feb-26 17:06:09 GMT; domain=.preview.emergentagent.com; HttpOnly; Secure; SameSite=None')
E    +  where 'session_token=""; expires=sat, 28 feb 2026 16:36:09 gmt; max-age=0; path=/; samesite=none; secure, __cf_bm=0xntiwpfkf.fldx76v0n5noshtgfkiruyruetrkhbva-1772296569-1.0.1.1-pqmaswe9wrnurqzqhj2vlyn1iowtzzu0nezwdgka8bes1f6.xfet.lg1apcjteynwygqydasnyhtwjzpf4cbcgzbm32yaqnfiequ0rqqlzy; path=/; expires=sat, 28-feb-26 17:06:09 gmt; domain=.preview.emergentagent.com; httponly; secure; samesite=none' = &lt;built-in method lower of str object at 0xfb0282ed0c70&gt;()
E    +    where &lt;built-in method lower of str object at 0xfb0282ed0c70&gt; = 'session_token=""; expires=Sat, 28 Feb 2026 16:36:09 GMT; Max-Age=0; Path=/; SameSite=none; Secure, __cf_bm=0xNTiwpfkF.fLdX76V0N5NosHtgfkIrUyRUetRKhBVA-1772296569-1.0.1.1-pQmasWe9WrNuRQzQHj2vLYn1Iowtzzu0nezwdGka8beS1F6.XfEt.lg1aPCjtEYNWygqyDaSNYHTwjzpF4cBCgzBM32yAqNFiEQU0rqqlzY; path=/; expires=Sat, 28-Feb-26 17:06:09 GMT; domain=.preview.emergentagent.com; HttpOnly; Secure; SameSite=None'.lower</failure></testcase><testcase classname="backend.tests.test_cors_auth.TestAuthLogout" name="test_session_invalid_after_logout" time="0.452" /></testsuite></testsuites>