<?xml version="1.0" encoding="utf-8"?><testsuites name="pytest tests"><testsuite name="pytest" errors="0" failures="0" skipped="0" tests="16" time="2.662" timestamp="2026-02-28T16:36:30.637318+00:00" hostname="agent-env-67b15727-aadf-4c64-86ca-fea580742ab3"><testcase classname="backend.tests.test_cors_auth.TestCORSPreflight" name="test_cors_preflight_cyclecoach_net" time="0.016" /><testcase classname="backend.tests.test_cors_auth.TestCORSPreflight" name="test_cors_preflight_www_cyclecoach_net" time="0.004" /><testcase classname="backend.tests.test_cors_auth.TestCORSPreflight" name="test_cors_preflight_disallowed_origin" time="0.002" /><testcase classname="backend.tests.test_cors_auth.TestCORSPreflight" name="test_cors_normal_get_from_allowed_origin" time="0.003" /><testcase classname="backend.tests.test_cors_auth.TestAuthRegister" name="test_register_new_user" time="0.479" /><testcase classname="backend.tests.test_cors_auth.TestAuthRegister" name="test_register_duplicate_email_fails" time="0.125" /><testcase classname="backend.tests.test_cors_auth.TestAuthRegister" name="test_register_password_mismatch_fails" time="0.105" /><testcase classname="backend.tests.test_cors_auth.TestAuthLogin" name="test_login_success" time="0.143" /><testcase classname="backend.tests.test_cors_auth.TestAuthLogin" name="test_login_invalid_password_fails" time="0.115" /><testcase classname="backend.tests.test_cors_auth.TestAuthLogin" name="test_login_nonexistent_user_fails" time="0.115" /><testcase classname="backend.tests.test_cors_auth.TestAuthCheck" name="test_auth_check_with_bearer_token" time="0.220" /><testcase classname="backend.tests.test_cors_auth.TestAuthCheck" name="test_auth_check_with_cookie" time="0.109" /><testcase classname="backend.tests.test_cors_auth.TestAuthCheck" name="test_auth_check_no_token_returns_false" time="0.123" /><testcase classname="backend.tests.test_cors_auth.TestAuthCheck" name="test_auth_check_invalid_token_returns_false" time="0.109" /><testcase classname="backend.tests.test_cors_auth.TestAuthLogout" name="test_logout_clears_cookie_with_samesite_none" time="0.333" /><testcase classname="backend.tests.test_cors_auth.TestAuthLogout" name="test_session_invalid_after_logout" time="0.557" /></testsuite></testsuites>