<?xml version="1.0" encoding="utf-8"?><testsuites name="pytest tests"><testsuite name="pytest" errors="0" failures="4" skipped="0" tests="19" time="2.497" timestamp="2026-01-24T22:55:35.868412+00:00" hostname="agent-env-3b177869-7255-408f-ac98-89c29d8b8056"><testcase classname="backend.tests.test_subscription_tiers.TestSubscriptionTiers" name="test_get_subscription_tiers_returns_three_tiers" time="0.093" /><testcase classname="backend.tests.test_subscription_tiers.TestSubscriptionTiers" name="test_free_trial_tier_pricing" time="0.040" /><testcase classname="backend.tests.test_subscription_tiers.TestSubscriptionTiers" name="test_basic_tier_pricing" time="0.040" /><testcase classname="backend.tests.test_subscription_tiers.TestSubscriptionTiers" name="test_premium_tier_pricing" time="0.036" /><testcase classname="backend.tests.test_subscription_tiers.TestFreeTrialAutoApproval" name="test_free_trial_auto_approves_new_user" time="0.268" /><testcase classname="backend.tests.test_subscription_tiers.TestFreeTrialAutoApproval" name="test_free_trial_duplicate_email_returns_already_licensed" time="0.244" /><testcase classname="backend.tests.test_subscription_tiers.TestFreeTrialAutoApproval" name="test_free_trial_validates_email_format" time="0.183"><failure message="assert 200 == 422&#10; +  where 200 = &lt;Response [200]&gt;.status_code">backend/tests/test_subscription_tiers.py:122: in test_free_trial_validates_email_format
    assert response.status_code == 422
E   assert 200 == 422
E    +  where 200 = &lt;Response [200]&gt;.status_code</failure></testcase><testcase classname="backend.tests.test_subscription_tiers.TestLicenseValidation" name="test_validate_grandfathered_license_key" time="0.041" /><testcase classname="backend.tests.test_subscription_tiers.TestLicenseValidation" name="test_validate_founder_special_key" time="0.039" /><testcase classname="backend.tests.test_subscription_tiers.TestLicenseValidation" name="test_validate_free_trial_license_key" time="0.232" /><testcase classname="backend.tests.test_subscription_tiers.TestLicenseValidation" name="test_validate_invalid_license_key" time="0.041" /><testcase classname="backend.tests.test_subscription_tiers.TestLicenseValidation" name="test_validate_license_key_case_insensitive" time="0.036" /><testcase classname="backend.tests.test_subscription_tiers.TestSubscriptionCheckout" name="test_create_basic_checkout_session" time="0.188"><failure message="assert 520 == 200&#10; +  where 520 = &lt;Response [520]&gt;.status_code">backend/tests/test_subscription_tiers.py:225: in test_create_basic_checkout_session
    assert response.status_code == 200
E   assert 520 == 200
E    +  where 520 = &lt;Response [520]&gt;.status_code</failure></testcase><testcase classname="backend.tests.test_subscription_tiers.TestSubscriptionCheckout" name="test_create_premium_checkout_session" time="0.065"><failure message="assert 520 == 200&#10; +  where 520 = &lt;Response [520]&gt;.status_code">backend/tests/test_subscription_tiers.py:246: in test_create_premium_checkout_session
    assert response.status_code == 200
E   assert 520 == 200
E    +  where 520 = &lt;Response [520]&gt;.status_code</failure></testcase><testcase classname="backend.tests.test_subscription_tiers.TestSubscriptionCheckout" name="test_create_checkout_invalid_tier" time="0.037" /><testcase classname="backend.tests.test_subscription_tiers.TestLicenseResend" name="test_resend_license_for_existing_user" time="0.457" /><testcase classname="backend.tests.test_subscription_tiers.TestLicenseResend" name="test_resend_license_for_nonexistent_user" time="0.044" /><testcase classname="backend.tests.test_subscription_tiers.TestUpgradeFlow" name="test_upgrade_from_free_trial_to_premium" time="0.274"><failure message="assert 520 == 200&#10; +  where 520 = &lt;Response [520]&gt;.status_code">backend/tests/test_subscription_tiers.py:324: in test_upgrade_from_free_trial_to_premium
    assert response.status_code == 200
E   assert 520 == 200
E    +  where 520 = &lt;Response [520]&gt;.status_code</failure></testcase><testcase classname="backend.tests.test_subscription_tiers.TestUpgradeFlow" name="test_upgrade_invalid_license_key" time="0.041" /></testsuite></testsuites>