<?xml version="1.0" encoding="utf-8"?><testsuites name="pytest tests"><testsuite name="pytest" errors="0" failures="0" skipped="0" tests="8" time="2.017" timestamp="2026-03-02T03:37:10.137369+00:00" hostname="agent-env-67b15727-aadf-4c64-86ca-fea580742ab3"><testcase classname="backend.tests.test_subscription_sync.TestSubscriptionSync" name="test_sync_returns_401_without_auth" time="0.283" /><testcase classname="backend.tests.test_subscription_sync.TestSubscriptionSync" name="test_sync_with_auth_token" time="0.216" /><testcase classname="backend.tests.test_subscription_sync.TestAuthCheckSubscription" name="test_auth_check_returns_subscription_status" time="0.105" /><testcase classname="backend.tests.test_subscription_sync.TestAuthCheckSubscription" name="test_auth_check_without_token" time="0.252" /><testcase classname="backend.tests.test_subscription_sync.TestWebhookReachable" name="test_webhook_endpoint_exists" time="0.132" /><testcase classname="backend.tests.test_subscription_sync.TestWebhookReachable" name="test_webhook_handles_invalid_json" time="0.126" /><testcase classname="backend.tests.test_subscription_sync.TestUserWithoutSubscription" name="test_register_new_user_no_subscription" time="0.224" /><testcase classname="backend.tests.test_subscription_sync.TestSyncForUserWithoutStripeSubscription" name="test_sync_returns_already_entitled_for_db_status" time="0.620" /></testsuite></testsuites>