<?xml version="1.0" encoding="utf-8"?><testsuites name="pytest tests"><testsuite name="pytest" errors="0" failures="0" skipped="0" tests="19" time="2.957" timestamp="2026-02-27T06:04:04.272641+00:00" hostname="agent-env-1d31af91-d60b-499d-ba04-17df759c92c5"><testcase classname="backend.tests.test_account_first_flow.TestAuthRegister" name="test_register_success" time="0.223" /><testcase classname="backend.tests.test_account_first_flow.TestAuthRegister" name="test_register_password_mismatch" time="0.113" /><testcase classname="backend.tests.test_account_first_flow.TestAuthRegister" name="test_register_duplicate_email" time="0.236" /><testcase classname="backend.tests.test_account_first_flow.TestAuthLogin" name="test_login_user_with_subscription" time="0.140" /><testcase classname="backend.tests.test_account_first_flow.TestAuthLogin" name="test_login_user_without_subscription" time="0.108" /><testcase classname="backend.tests.test_account_first_flow.TestAuthLogin" name="test_login_invalid_credentials" time="0.123" /><testcase classname="backend.tests.test_account_first_flow.TestAuthCheck" name="test_auth_check_unauthenticated" time="0.106" /><testcase classname="backend.tests.test_account_first_flow.TestAuthCheck" name="test_auth_check_with_valid_token" time="0.212" /><testcase classname="backend.tests.test_account_first_flow.TestAccountSubscription" name="test_subscription_unauthenticated" time="0.108" /><testcase classname="backend.tests.test_account_first_flow.TestAccountSubscription" name="test_subscription_authenticated" time="0.225" /><testcase classname="backend.tests.test_account_first_flow.TestCancelSubscription" name="test_cancel_subscription_unauthenticated" time="0.114" /><testcase classname="backend.tests.test_account_first_flow.TestStripeWebhook" name="test_webhook_unregistered_email_no_ghost" time="0.113" /><testcase classname="backend.tests.test_account_first_flow.TestStripeWebhook" name="test_webhook_registered_email_updates_subscription" time="0.270" /><testcase classname="backend.tests.test_account_first_flow.TestStripeWebhook" name="test_webhook_subscription_deleted" time="0.107" /><testcase classname="backend.tests.test_account_first_flow.TestAdminEndpoints" name="test_admin_stats_returns_user_stats" time="0.112" /><testcase classname="backend.tests.test_account_first_flow.TestAdminEndpoints" name="test_admin_users_returns_auth_users" time="0.110" /><testcase classname="backend.tests.test_account_first_flow.TestAdminEndpoints" name="test_admin_login" time="0.111" /><testcase classname="backend.tests.test_account_first_flow.TestAdminEndpoints" name="test_admin_login_wrong_password" time="0.145" /><testcase classname="backend.tests.test_account_first_flow.TestPublicPages" name="test_api_endpoints_accessible" time="0.204" /></testsuite></testsuites>