<?xml version="1.0" encoding="utf-8"?><testsuites name="pytest tests"><testsuite name="pytest" errors="0" failures="0" skipped="0" tests="7" time="1.217" timestamp="2026-07-24T00:03:24.659281+00:00" hostname="agent-env-67b15727-aadf-4c64-86ca-fea580742ab3"><testcase classname="backend.tests.test_subscription_bugs_v12" name="test_login_returns_user_and_tier" time="0.427" /><testcase classname="backend.tests.test_subscription_bugs_v12" name="test_account_subscription_returns_tier_fields" time="0.120" /><testcase classname="backend.tests.test_subscription_bugs_v12" name="test_upgrade_no_subscription_returns_use_checkout" time="0.147" /><testcase classname="backend.tests.test_subscription_bugs_v12" name="test_cancel_no_subscription_returns_400" time="0.110" /><testcase classname="backend.tests.test_subscription_bugs_v12" name="test_auth_check_grandfathered" time="0.156" /><testcase classname="backend.tests.test_subscription_bugs_v12" name="test_unauth_upgrade_returns_401" time="0.099" /><testcase classname="backend.tests.test_subscription_bugs_v12" name="test_unauth_cancel_returns_401" time="0.100" /></testsuite></testsuites>