<?xml version="1.0" encoding="utf-8"?><testsuites name="pytest tests"><testsuite name="pytest" errors="0" failures="0" skipped="0" tests="38" time="6.654" timestamp="2026-08-27T01:15:57.816987+00:00" hostname="agent-env-67b15727-aadf-4c64-86ca-fea580742ab3"><testcase classname="tests.test_verify_email_idempotent" name="test_verify_first_call_success" time="0.428" /><testcase classname="tests.test_verify_email_idempotent" name="test_verify_second_call_idempotent" time="0.140" /><testcase classname="tests.test_verify_email_idempotent" name="test_verify_third_call_still_success" time="0.143" /><testcase classname="tests.test_verify_email_idempotent" name="test_verify_invalid_token" time="0.153" /><testcase classname="tests.test_verify_email_idempotent" name="test_resend_for_verified_user" time="0.166" /><testcase classname="tests.test_email_verification.TestVerifyEmail" name="test_invalid_token_returns_400" time="0.170" /><testcase classname="tests.test_email_verification.TestVerifyEmail" name="test_invalid_token_returns_json_not_html" time="0.099" /><testcase classname="tests.test_email_verification.TestVerifyEmail" name="test_missing_token_param" time="0.087" /><testcase classname="tests.test_email_verification.TestResendVerification" name="test_resend_known_user" time="0.320" /><testcase classname="tests.test_email_verification.TestResendVerification" name="test_resend_unknown_email_no_500" time="0.084" /><testcase classname="tests.test_email_verification.TestResendVerification" name="test_resend_missing_body" time="0.089" /><testcase classname="tests.test_email_verification.TestLoginStillWorks" name="test_login" time="0.082" /><testcase classname="tests.test_auth_account.TestAuthRegister" name="test_register_success" time="0.147" /><testcase classname="tests.test_auth_account.TestAuthRegister" name="test_register_password_mismatch" time="0.160" /><testcase classname="tests.test_auth_account.TestAuthRegister" name="test_register_invalid_email" time="0.127" /><testcase classname="tests.test_auth_account.TestAuthRegister" name="test_register_short_password" time="0.136" /><testcase classname="tests.test_auth_account.TestAuthRegister" name="test_register_duplicate_email" time="0.130" /><testcase classname="tests.test_auth_account.TestAuthLogin" name="test_login_success" time="0.194" /><testcase classname="tests.test_auth_account.TestAuthLogin" name="test_login_invalid_password" time="0.179" /><testcase classname="tests.test_auth_account.TestAuthLogin" name="test_login_nonexistent_user" time="0.147" /><testcase classname="tests.test_auth_account.TestAuthCheck" name="test_check_unauthenticated" time="0.138" /><testcase classname="tests.test_auth_account.TestAuthCheck" name="test_check_with_valid_token" time="0.276" /><testcase classname="tests.test_auth_account.TestAuthCheck" name="test_check_with_invalid_token" time="0.146" /><testcase classname="tests.test_auth_account.TestAuthForgotPassword" name="test_forgot_password_existing_user" time="0.310" /><testcase classname="tests.test_auth_account.TestAuthForgotPassword" name="test_forgot_password_nonexistent_user" time="0.152" /><testcase classname="tests.test_auth_account.TestAuthResetPassword" name="test_reset_password_invalid_token" time="0.126" /><testcase classname="tests.test_auth_account.TestAuthResetPassword" name="test_reset_password_short_password" time="0.126" /><testcase classname="tests.test_auth_account.TestAccountSubscription" name="test_subscription_unauthenticated" time="0.120" /><testcase classname="tests.test_auth_account.TestAccountSubscription" name="test_subscription_authenticated" time="0.289" /><testcase classname="tests.test_auth_account.TestAccountCancelSubscription" name="test_cancel_subscription_unauthenticated" time="0.127" /><testcase classname="tests.test_auth_account.TestStripeWebhook" name="test_webhook_checkout_completed" time="0.444" /><testcase classname="tests.test_auth_account.TestStripeWebhook" name="test_webhook_subscription_deleted" time="0.182" /><testcase classname="tests.test_auth_account.TestPageLoading" name="test_home_page" time="0.168" /><testcase classname="tests.test_auth_account.TestPageLoading" name="test_about_page" time="0.138" /><testcase classname="tests.test_auth_account.TestPageLoading" name="test_login_page" time="0.141" /><testcase classname="tests.test_auth_account.TestPageLoading" name="test_signup_page" time="0.155" /><testcase classname="tests.test_auth_account.TestPageLoading" name="test_pricing_page" time="0.127" /><testcase classname="tests.test_auth_account.TestPageLoading" name="test_forgot_password_page" time="0.151" /></testsuite></testsuites>