<?xml version="1.0" encoding="utf-8"?><testsuites name="pytest tests"><testsuite name="pytest" errors="0" failures="0" skipped="0" tests="5" time="1.402" timestamp="2026-08-27T01:13:32.587765+00:00" hostname="agent-env-67b15727-aadf-4c64-86ca-fea580742ab3"><testcase classname="tests.test_verify_email_idempotent" name="test_verify_first_call_success" time="0.660" /><testcase classname="tests.test_verify_email_idempotent" name="test_verify_second_call_idempotent" time="0.137" /><testcase classname="tests.test_verify_email_idempotent" name="test_verify_third_call_still_success" time="0.192" /><testcase classname="tests.test_verify_email_idempotent" name="test_verify_invalid_token" time="0.132" /><testcase classname="tests.test_verify_email_idempotent" name="test_resend_for_verified_user" time="0.164" /></testsuite></testsuites>